C:\Users\walter.r.robledo\Desktop\AngularPractice\AngularBlogV3\AngularBlogV3\dist\out-tsc\src\app\class\blogPost.js
C:\Users\walter.r.robledo\Desktop\AngularPractice\AngularBlogV3\AngularBlogV3\dist\out-tsc\src\app\class\blogPost.js.map
C:\Users\walter.r.robledo\Desktop\AngularPractice\AngularBlogV3\AngularBlogV3\dist\out-tsc\src\app\services\blog.service.js
C:\Users\walter.r.robledo\Desktop\AngularPractice\AngularBlogV3\AngularBlogV3\dist\out-tsc\src\app\services\blog.service.js.map
C:\Users\walter.r.robledo\Desktop\AngularPractice\AngularBlogV3\AngularBlogV3\dist\out-tsc\src\app\utils\blog-edit-renderer.component.js
C:\Users\walter.r.robledo\Desktop\AngularPractice\AngularBlogV3\AngularBlogV3\dist\out-tsc\src\app\utils\blog-edit-renderer.component.js.map
C:\Users\walter.r.robledo\Desktop\AngularPractice\AngularBlogV3\AngularBlogV3\dist\out-tsc\src\app\class\FormModel\userRegistrationFormModel.js
C:\Users\walter.r.robledo\Desktop\AngularPractice\AngularBlogV3\AngularBlogV3\dist\out-tsc\src\app\class\FormModel\userRegistrationFormModel.js.map
C:\Users\walter.r.robledo\Desktop\AngularPractice\AngularBlogV3\AngularBlogV3\dist\out-tsc\src\app\class\loginInfo.js
C:\Users\walter.r.robledo\Desktop\AngularPractice\AngularBlogV3\AngularBlogV3\dist\out-tsc\src\app\class\loginInfo.js.map
C:\Users\walter.r.robledo\Desktop\AngularPractice\AngularBlogV3\AngularBlogV3\dist\out-tsc\src\app\services\login.service.js
C:\Users\walter.r.robledo\Desktop\AngularPractice\AngularBlogV3\AngularBlogV3\dist\out-tsc\src\app\services\login.service.js.map
C:\Users\walter.r.robledo\Desktop\AngularPractice\AngularBlogV3\AngularBlogV3\dist\out-tsc\src\app\blog\blog.component.js
C:\Users\walter.r.robledo\Desktop\AngularPractice\AngularBlogV3\AngularBlogV3\dist\out-tsc\src\app\blog\blog.component.js.map
C:\Users\walter.r.robledo\Desktop\AngularPractice\AngularBlogV3\AngularBlogV3\dist\out-tsc\src\app\app.component.js
C:\Users\walter.r.robledo\Desktop\AngularPractice\AngularBlogV3\AngularBlogV3\dist\out-tsc\src\app\app.component.js.map
C:\Users\walter.r.robledo\Desktop\AngularPractice\AngularBlogV3\AngularBlogV3\dist\out-tsc\src\app\blog-detail\blog-detail.component.js
C:\Users\walter.r.robledo\Desktop\AngularPractice\AngularBlogV3\AngularBlogV3\dist\out-tsc\src\app\blog-detail\blog-detail.component.js.map
C:\Users\walter.r.robledo\Desktop\AngularPractice\AngularBlogV3\AngularBlogV3\dist\out-tsc\src\app\class\usersInfo.js
C:\Users\walter.r.robledo\Desktop\AngularPractice\AngularBlogV3\AngularBlogV3\dist\out-tsc\src\app\class\usersInfo.js.map
C:\Users\walter.r.robledo\Desktop\AngularPractice\AngularBlogV3\AngularBlogV3\dist\out-tsc\src\app\services\user.service.js
C:\Users\walter.r.robledo\Desktop\AngularPractice\AngularBlogV3\AngularBlogV3\dist\out-tsc\src\app\services\user.service.js.map
C:\Users\walter.r.robledo\Desktop\AngularPractice\AngularBlogV3\AngularBlogV3\dist\out-tsc\src\app\users\users.component.js
C:\Users\walter.r.robledo\Desktop\AngularPractice\AngularBlogV3\AngularBlogV3\dist\out-tsc\src\app\users\users.component.js.map
C:\Users\walter.r.robledo\Desktop\AngularPractice\AngularBlogV3\AngularBlogV3\dist\out-tsc\src\app\Login\login.component.js
C:\Users\walter.r.robledo\Desktop\AngularPractice\AngularBlogV3\AngularBlogV3\dist\out-tsc\src\app\Login\login.component.js.map
C:\Users\walter.r.robledo\Desktop\AngularPractice\AngularBlogV3\AngularBlogV3\dist\out-tsc\src\app\users-registration\users-registration.component.js
C:\Users\walter.r.robledo\Desktop\AngularPractice\AngularBlogV3\AngularBlogV3\dist\out-tsc\src\app\users-registration\users-registration.component.js.map
C:\Users\walter.r.robledo\Desktop\AngularPractice\AngularBlogV3\AngularBlogV3\dist\out-tsc\src\app\app-routing.module.js
C:\Users\walter.r.robledo\Desktop\AngularPractice\AngularBlogV3\AngularBlogV3\dist\out-tsc\src\app\app-routing.module.js.map
C:\Users\walter.r.robledo\Desktop\AngularPractice\AngularBlogV3\AngularBlogV3\dist\out-tsc\src\app\user-login.module.js
C:\Users\walter.r.robledo\Desktop\AngularPractice\AngularBlogV3\AngularBlogV3\dist\out-tsc\src\app\user-login.module.js.map
C:\Users\walter.r.robledo\Desktop\AngularPractice\AngularBlogV3\AngularBlogV3\dist\out-tsc\src\app\user-editor.module.js
C:\Users\walter.r.robledo\Desktop\AngularPractice\AngularBlogV3\AngularBlogV3\dist\out-tsc\src\app\user-editor.module.js.map
C:\Users\walter.r.robledo\Desktop\AngularPractice\AngularBlogV3\AngularBlogV3\dist\out-tsc\src\app\app.module.js
C:\Users\walter.r.robledo\Desktop\AngularPractice\AngularBlogV3\AngularBlogV3\dist\out-tsc\src\app\app.module.js.map
C:\Users\walter.r.robledo\Desktop\AngularPractice\AngularBlogV3\AngularBlogV3\dist\out-tsc\src\environments\environment.js
C:\Users\walter.r.robledo\Desktop\AngularPractice\AngularBlogV3\AngularBlogV3\dist\out-tsc\src\environments\environment.js.map
C:\Users\walter.r.robledo\Desktop\AngularPractice\AngularBlogV3\AngularBlogV3\dist\out-tsc\src\main.js
C:\Users\walter.r.robledo\Desktop\AngularPractice\AngularBlogV3\AngularBlogV3\dist\out-tsc\src\main.js.map
C:\Users\walter.r.robledo\Desktop\AngularPractice\AngularBlogV3\AngularBlogV3\dist\out-tsc\src\polyfills.js
C:\Users\walter.r.robledo\Desktop\AngularPractice\AngularBlogV3\AngularBlogV3\dist\out-tsc\src\polyfills.js.map
C:\Users\walter.r.robledo\Desktop\AngularPractice\AngularBlogV3\AngularBlogV3\dist\out-tsc\src\test.js
C:\Users\walter.r.robledo\Desktop\AngularPractice\AngularBlogV3\AngularBlogV3\dist\out-tsc\src\test.js.map
C:\Users\walter.r.robledo\Desktop\AngularPractice\AngularBlogV3\AngularBlogV3\dist\out-tsc\e2e\src\app.po.js
C:\Users\walter.r.robledo\Desktop\AngularPractice\AngularBlogV3\AngularBlogV3\dist\out-tsc\e2e\src\app.po.js.map
C:\Users\walter.r.robledo\Desktop\AngularPractice\AngularBlogV3\AngularBlogV3\dist\out-tsc\e2e\src\app.e2e-spec.js
C:\Users\walter.r.robledo\Desktop\AngularPractice\AngularBlogV3\AngularBlogV3\dist\out-tsc\e2e\src\app.e2e-spec.js.map
C:\Users\walter.r.robledo\Desktop\AngularPractice\AngularBlogV3\AngularBlogV3\dist\out-tsc\src\app\app.component.spec.js
C:\Users\walter.r.robledo\Desktop\AngularPractice\AngularBlogV3\AngularBlogV3\dist\out-tsc\src\app\app.component.spec.js.map
C:\Users\walter.r.robledo\Desktop\AngularPractice\AngularBlogV3\AngularBlogV3\dist\out-tsc\src\environments\environment.prod.js
C:\Users\walter.r.robledo\Desktop\AngularPractice\AngularBlogV3\AngularBlogV3\dist\out-tsc\src\environments\environment.prod.js.map
